Log file open, 04/08/22 12:02:06
LogWindows: Failed to load 'aqProf.dll' (GetLastError=126)
LogWindows: File 'aqProf.dll' does not exist
LogWindows: Failed to load 'VtuneApi.dll' (GetLastError=126)
LogWindows: File 'VtuneApi.dll' does not exist
LogWindows: Failed to load 'VtuneApi32e.dll' (GetLastError=126)
LogWindows: File 'VtuneApi32e.dll' does not exist
LogConsoleResponse: Display: Failed to find resolution value strings in scalability ini. Falling back to default.
LogConsoleResponse: Display: Failed to find resolution value strings in scalability ini. Falling back to default.
LogInit: Display: Running engine for game: marama
LogPlatformFile: Not using cached read wrapper
LogTaskGraph: Started task graph with 5 named threads and 14 total threads with 3 sets of task threads.
LogStats: Stats thread started at 0.308586
LogICUInternationalization: ICU TimeZone Detection - Raw Offset: +1:00, Platform Override: ''
LogInit: Display: Loading text-based GConfig....
LogPluginManager: Mounting plugin MeshPainting
LogPluginManager: Mounting plugin XGEController
LogPluginManager: Mounting plugin Paper2D
LogPluginManager: Mounting plugin AISupport
LogPluginManager: Mounting plugin EnvironmentQueryEditor
LogPluginManager: Mounting plugin LiveLink
LogPluginManager: Mounting plugin LightPropagationVolume
LogPluginManager: Mounting plugin OodleData
LogPluginManager: Mounting plugin OodleNetwork
LogPluginManager: Mounting plugin CameraShakePreviewer
LogPluginManager: Mounting plugin GameplayCameras
LogPluginManager: Mounting plugin AssetManagerEditor
LogPluginManager: Mounting plugin CryptoKeys
LogPluginManager: Mounting plugin CurveEditorTools
LogPluginManager: Mounting plugin DataValidation
LogPluginManager: Mounting plugin FacialAnimation
LogPluginManager: Mounting plugin GameplayTagsEditor
LogPluginManager: Mounting plugin GeometryMode
LogPluginManager: Mounting plugin AnimationSharing
LogPluginManager: Mounting plugin MacGraphicsSwitching
LogPluginManager: Mounting plugin CLionSourceCodeAccess
LogPluginManager: Mounting plugin MaterialAnalyzer
LogPluginManager: Mounting plugin CodeLiteSourceCodeAccess
LogPluginManager: Mounting plugin MobileLauncherProfileWizard
LogPluginManager: Mounting plugin GitSourceControl
LogPluginManager: Mounting plugin PluginBrowser
LogPluginManager: Mounting plugin KDevelopSourceCodeAccess
LogPluginManager: Mounting plugin NullSourceCodeAccess
LogPluginManager: Mounting plugin SpeedTreeImporter
LogPluginManager: Mounting plugin PerforceSourceControl
LogPluginManager: Mounting plugin PixWinPlugin
LogPluginManager: Mounting plugin PlasticSourceControl
LogPluginManager: Mounting plugin PluginUtils
LogPluginManager: Mounting plugin PropertyAccessNode
LogPluginManager: Mounting plugin RiderSourceCodeAccess
LogPluginManager: Mounting plugin TextureFormatOodle
LogPluginManager: Mounting plugin SubversionSourceControl
LogPluginManager: Mounting plugin UObjectPlugin
LogPluginManager: Mounting plugin VisualStudioCodeSourceCodeAccess
LogPluginManager: Mounting plugin XCodeSourceCodeAccess
LogPluginManager: Mounting plugin VisualStudioSourceCodeAccess
LogPluginManager: Mounting plugin DatasmithContent
LogPluginManager: Mounting plugin VariantManagerContent
LogPluginManager: Mounting plugin AlembicImporter
LogPluginManager: Mounting plugin AutomationUtils
LogPluginManager: Mounting plugin BackChannel
LogPluginManager: Mounting plugin ChaosCloth
LogPluginManager: Mounting plugin ChaosClothEditor
LogPluginManager: Mounting plugin ChaosEditor
LogPluginManager: Mounting plugin ChaosNiagara
LogPluginManager: Mounting plugin ChaosSolverPlugin
LogPluginManager: Mounting plugin CharacterAI
LogPluginManager: Mounting plugin GeometryCache
LogPluginManager: Mounting plugin Niagara
LogPluginManager: Mounting plugin GeometryProcessing
LogPluginManager: Mounting plugin GeometryCollectionPlugin
LogPluginManager: Mounting plugin MotoSynth
LogPluginManager: Mounting plugin OpenImageDenoise
LogPluginManager: Mounting plugin LuminPlatformFeatures
LogPluginManager: Mounting plugin MagicLeap
LogPluginManager: Mounting plugin PlatformCrypto
LogPluginManager: Mounting plugin ProxyLODPlugin
LogPluginManager: Mounting plugin MagicLeapLightEstimation
LogPluginManager: Mounting plugin PythonScriptPlugin
LogPluginManager: Mounting plugin MagicLeapMedia
LogPluginManager: Mounting plugin MagicLeapPassableWorld
LogPluginManager: Mounting plugin SkeletalReduction
LogPluginManager: Mounting plugin MLSDK
LogPluginManager: Mounting plugin TcpMessaging
LogPluginManager: Mounting plugin UdpMessaging
LogPluginManager: Mounting plugin ActorSequence
LogPluginManager: Mounting plugin LevelSequenceEditor
LogPluginManager: Mounting plugin MatineeToLevelSequence
LogPluginManager: Mounting plugin TemplateSequence
LogPluginManager: Mounting plugin OnlineSubsystem
LogPluginManager: Mounting plugin OnlineSubsystemNull
LogPluginManager: Mounting plugin OnlineSubsystemUtils
LogPluginManager: Mounting plugin LauncherChunkInstaller
LogPluginManager: Mounting plugin ActorLayerUtilities
LogPluginManager: Mounting plugin AndroidDeviceProfileSelector
LogPluginManager: Mounting plugin AndroidMoviePlayer
LogPluginManager: Mounting plugin AndroidPermission
LogPluginManager: Mounting plugin AppleImageUtils
LogPluginManager: Mounting plugin AppleMoviePlayer
LogPluginManager: Mounting plugin AssetTags
LogPluginManager: Mounting plugin ArchVisCharacter
LogPluginManager: Mounting plugin AudioCapture
LogPluginManager: Mounting plugin AudioSynesthesia
LogPluginManager: Mounting plugin CableComponent
LogPluginManager: Mounting plugin ChunkDownloader
LogPluginManager: Mounting plugin CustomMeshComponent
LogPluginManager: Mounting plugin EditableMesh
LogPluginManager: Mounting plugin ExampleDeviceProfileSelector
LogPluginManager: Mounting plugin PlanarCut
LogPluginManager: Mounting plugin GoogleCloudMessaging
LogPluginManager: Mounting plugin GooglePAD
LogPluginManager: Mounting plugin ScreenshotTools
LogPluginManager: Mounting plugin IOSDeviceProfileSelector
LogPluginManager: Mounting plugin LinuxDeviceProfileSelector
LogPluginManager: Mounting plugin LocationServicesBPLibrary
LogPluginManager: Mounting plugin MobilePatchingUtils
LogPluginManager: Mounting plugin OpenXR
LogPluginManager: Mounting plugin OpenXREyeTracker
LogPluginManager: Mounting plugin OpenXRHandTracking
LogPluginManager: Mounting plugin PhysXVehicles
LogPluginManager: Mounting plugin PostSplashScreen
LogPluginManager: Mounting plugin ProceduralMeshComponent
LogPluginManager: Mounting plugin PropertyAccessEditor
LogPluginManager: Mounting plugin RuntimePhysXCooking
LogPluginManager: Mounting plugin SignificanceManager
LogPluginManager: Mounting plugin SoundFields
LogPluginManager: Mounting plugin WebMMoviePlayer
LogPluginManager: Mounting plugin Synthesis
LogPluginManager: Mounting plugin WindowsMoviePlayer
LogPluginManager: Mounting plugin Takes
LogPluginManager: Mounting plugin AndroidMedia
LogPluginManager: Mounting plugin AvfMedia
LogPluginManager: Mounting plugin ImgMedia
LogPluginManager: Mounting plugin MediaCompositing
LogPluginManager: Mounting plugin MediaPlayerEditor
LogPluginManager: Mounting plugin WebMMedia
LogPluginManager: Mounting plugin WmfMedia
LogPluginManager: Mounting plugin ContentBrowserAssetDataSource
LogPluginManager: Mounting plugin ContentBrowserClassDataSource
LogPluginManager: Mounting plugin ContentBrowserFileDataSource
LogPluginManager: Mounting plugin OnlineSubsystemGooglePlay
LogPluginManager: Mounting plugin OnlineSubsystemIOS
LogPluginManager: Mounting plugin OculusVR
LogPluginManager: Mounting plugin SteamVR
PixWinPlugin: PIX capture plugin failed to initialize! Check that the process is launched from PIX.
LogInit: Using libcurl 7.55.1-DEV
LogInit:  - built for x86_64-pc-win32
LogInit:  - supports SSL with OpenSSL/1.1.1
LogInit:  - supports HTTP deflate (compression) using libz 1.2.8
LogInit:  - other features:
LogInit:      CURL_VERSION_SSL
LogInit:      CURL_VERSION_LIBZ
LogInit:      CURL_VERSION_IPV6
LogInit:      CURL_VERSION_ASYNCHDNS
LogInit:      CURL_VERSION_LARGEFILE
LogInit:      CURL_VERSION_IDN
LogInit:  CurlRequestOptions (configurable via config and command line):
LogInit:  - bVerifyPeer = true  - Libcurl will verify peer certificate
LogInit:  - bUseHttpProxy = false  - Libcurl will NOT use HTTP proxy
LogInit:  - bDontReuseConnections = false  - Libcurl will reuse connections
LogInit:  - MaxHostConnections = 16  - Libcurl will limit the number of connections to a host
LogInit:  - LocalHostAddr = Default
LogInit:  - BufferSize = 65536
LogOnline: OSS: Creating online subsystem instance for: NULL
LogInit: WinSock: version 1.1 (2.2), MaxSocks=32767, MaxUdp=65467
LogOnline: OSS: TryLoadSubsystemAndSetDefault: Loaded subsystem for module [NULL]
LogOculusPluginWrapper: OculusPlugin initialized successfully
LogHMD: Failed initializing OVRPlugin 1.59.0
LogInit: Build: ++UE4+Release-4.27-CL-18319896
LogInit: Engine Version: 4.27.2-18319896+++UE4+Release-4.27
LogInit: Compatible Engine Version: 4.27.0-17155196+++UE4+Release-4.27
LogInit: Net CL: 17155196
LogInit: OS: Windows 10 (Release 2009) (), CPU: Intel(R) Core(TM) i5-7600K CPU @ 3.80GHz, GPU: NVIDIA GeForce GTX 1060 6GB
LogInit: Compiled (64-bit): Nov 30 2021 07:12:08
LogInit: Compiled with Visual C++: 19.24.28315.00
LogInit: Build Configuration: Development
LogInit: Branch Name: ++UE4+Release-4.27
LogInit: Command Line: 
LogInit: Base Directory: F:/Epic Games/UE_4.27/Engine/Binaries/Win64/
LogInit: Allocator: TBB
LogInit: Installed Engine Build: 1
LogDevObjectVersion: Number of dev versions registered: 29
LogDevObjectVersion:   Dev-Blueprints (B0D832E4-1F89-4F0D-ACCF-7EB736FD4AA2): 10
LogDevObjectVersion:   Dev-Build (E1C64328-A22C-4D53-A36C-8E866417BD8C): 0
LogDevObjectVersion:   Dev-Core (375EC13C-06E4-48FB-B500-84F0262A717E): 4
LogDevObjectVersion:   Dev-Editor (E4B068ED-F494-42E9-A231-DA0B2E46BB41): 40
LogDevObjectVersion:   Dev-Framework (CFFC743F-43B0-4480-9391-14DF171D2073): 37
LogDevObjectVersion:   Dev-Mobile (B02B49B5-BB20-44E9-A304-32B752E40360): 3
LogDevObjectVersion:   Dev-Networking (A4E4105C-59A1-49B5-A7C5-40C4547EDFEE): 0
LogDevObjectVersion:   Dev-Online (39C831C9-5AE6-47DC-9A44-9C173E1C8E7C): 0
LogDevObjectVersion:   Dev-Physics (78F01B33-EBEA-4F98-B9B4-84EACCB95AA2): 14
LogDevObjectVersion:   Dev-Platform (6631380F-2D4D-43E0-8009-CF276956A95A): 0
LogDevObjectVersion:   Dev-Rendering (12F88B9F-8875-4AFC-A67C-D90C383ABD29): 45
LogDevObjectVersion:   Dev-Sequencer (7B5AE74C-D270-4C10-A958-57980B212A5A): 13
LogDevObjectVersion:   Dev-VR (D7296918-1DD6-4BDD-9DE2-64A83CC13884): 3
LogDevObjectVersion:   Dev-LoadTimes (C2A15278-BFE7-4AFE-6C17-90FF531DF755): 1
LogDevObjectVersion:   Private-Geometry (6EACA3D4-40EC-4CC1-B786-8BED09428FC5): 3
LogDevObjectVersion:   Dev-AnimPhys (29E575DD-E0A3-4627-9D10-D276232CDCEA): 17
LogDevObjectVersion:   Dev-Anim (AF43A65D-7FD3-4947-9873-3E8ED9C1BB05): 15
LogDevObjectVersion:   Dev-ReflectionCapture (6B266CEC-1EC7-4B8F-A30B-E4D90942FC07): 1
LogDevObjectVersion:   Dev-Automation (0DF73D61-A23F-47EA-B727-89E90C41499A): 1
LogDevObjectVersion:   FortniteMain (601D1886-AC64-4F84-AA16-D3DE0DEAC7D6): 47
LogDevObjectVersion:   FortniteRelease (E7086368-6B23-4C58-8439-1B7016265E91): 1
LogDevObjectVersion:   Dev-Enterprise (9DFFBCD6-494F-0158-E221-12823C92A888): 10
LogDevObjectVersion:   Dev-Niagara (F2AED0AC-9AFE-416F-8664-AA7FFA26D6FC): 1
LogDevObjectVersion:   Dev-Destruction (174F1F0B-B4C6-45A5-B13F-2EE8D0FB917D): 10
LogDevObjectVersion:   Dev-Physics-Ext (35F94A83-E258-406C-A318-09F59610247C): 41
LogDevObjectVersion:   Dev-PhysicsMaterial-Chaos (B68FC16E-8B1B-42E2-B453-215C058844FE): 1
LogDevObjectVersion:   Dev-CineCamera (B2E18506-4273-CFC2-A54E-F4BB758BBA07): 1
LogDevObjectVersion:   Dev-VirtualProduction (64F58936-FD1B-42BA-BA96-7289D5D0FA4E): 1
LogDevObjectVersion:   Dev-MediaFramework (6F0ED827-A609-4895-9C91-998D90180EA4): 2
LogFileManager: Warning: Error deleting file: ../../../../../Unreal Engine Projects/marama/Saved/Logs/marama-backup-2022.03.29-12.13.26.log (Error Code 5)
LogFileManager: Warning: Error deleting file: ../../../../../Unreal Engine Projects/marama/Saved/Logs/marama_2-backup-2022.03.28-17.50.12.log (Error Code 5)
LogInit: Presizing for max 25165824 objects, including 0 objects not considered by GC, pre-allocating 0 bytes for permanent pool.
LogConfig: Applying CVar settings from Section [/Script/Engine.StreamingSettings] File [F:/Unreal Engine Projects/marama/Saved/Config/Windows/Engine.ini]
LogConfig: Setting CVar [[s.MinBulkDataSizeForAsyncLoading:131072]]
LogConfig: Setting CVar [[s.AsyncLoadingThreadEnabled:0]]
LogConfig: Setting CVar [[s.EventDrivenLoaderEnabled:1]]
LogConfig: Setting CVar [[s.WarnIfTimeLimitExceeded:0]]
LogConfig: Setting CVar [[s.TimeLimitExceededMultiplier:1.5]]
LogConfig: Setting CVar [[s.TimeLimitExceededMinTime:0.005]]
LogConfig: Setting CVar [[s.UseBackgroundLevelStreaming:1]]
LogConfig: Setting CVar [[s.PriorityAsyncLoadingExtraTime:15.0]]
LogConfig: Setting CVar [[s.LevelStreamingActorsUpdateTimeLimit:5.0]]
LogConfig: Setting CVar [[s.PriorityLevelStreamingActorsUpdateExtraTime:5.0]]
LogConfig: Setting CVar [[s.LevelStreamingComponentsRegistrationGranularity:10]]
LogConfig: Setting CVar [[s.UnregisterComponentsTimeLimit:1.0]]
LogConfig: Setting CVar [[s.LevelStreamingComponentsUnregistrationGranularity:5]]
LogConfig: Setting CVar [[s.FlushStreamingOnExit:1]]
LogInit: Object subsystem initialized
LogConfig: Setting CVar [[con.DebugEarlyDefault:1]]
LogConfig: Setting CVar [[r.setres:1280x720]]
[2022.04.08-10.02.13:530][  0]LogConfig: Setting CVar [[r.VSync:0]]
[2022.04.08-10.02.13:530][  0]LogConfig: Setting CVar [[r.RHICmdBypass:0]]
[2022.04.08-10.02.13:530][  0]LogConfig: Applying CVar settings from Section [/Script/Engine.RendererSettings] File [F:/Unreal Engine Projects/marama/Saved/Config/Windows/Engine.ini]
[2022.04.08-10.02.13:530][  0]LogConfig: Setting CVar [[r.GPUCrashDebugging:0]]
[2022.04.08-10.02.13:530][  0]LogConfig: Setting CVar [[r.Mobile.DisableVertexFog:1]]
[2022.04.08-10.02.13:530][  0]LogConfig: Setting CVar [[r.Shadow.CSM.MaxMobileCascades:2]]
[2022.04.08-10.02.13:530][  0]LogConfig: Setting CVar [[r.MobileMSAA:1]]
[2022.04.08-10.02.13:530][  0]LogConfig: Setting CVar [[r.Mobile.AllowDitheredLODTransition:0]]
[2022.04.08-10.02.13:530][  0]LogConfig: Setting CVar [[r.Mobile.AllowSoftwareOcclusion:0]]
[2022.04.08-10.02.13:531][  0]LogConfig: Setting CVar [[r.Mobile.VirtualTextures:0]]
[2022.04.08-10.02.13:531][  0]LogConfig: Setting CVar [[r.DiscardUnusedQuality:0]]
[2022.04.08-10.02.13:531][  0]LogConfig: Setting CVar [[r.AllowOcclusionQueries:1]]
[2022.04.08-10.02.13:531][  0]LogConfig: Setting CVar [[r.MinScreenRadiusForLights:0.030000]]
[2022.04.08-10.02.13:531][  0]LogConfig: Setting CVar [[r.MinScreenRadiusForDepthPrepass:0.030000]]
[2022.04.08-10.02.13:531][  0]LogConfig: Setting CVar [[r.MinScreenRadiusForCSMDepth:0.010000]]
[2022.04.08-10.02.13:531][  0]LogConfig: Setting CVar [[r.PrecomputedVisibilityWarning:0]]
[2022.04.08-10.02.13:531][  0]LogConfig: Setting CVar [[r.TextureStreaming:1]]
[2022.04.08-10.02.13:531][  0]LogConfig: Setting CVar [[Compat.UseDXT5NormalMaps:0]]
[2022.04.08-10.02.13:531][  0]LogConfig: Setting CVar [[r.VirtualTextures:0]]
[2022.04.08-10.02.13:531][  0]LogConfig: Setting CVar [[r.VT.EnableAutoImport:1]]
[2022.04.08-10.02.13:531][  0]LogConfig: Setting CVar [[r.VirtualTexturedLightmaps:0]]
[2022.04.08-10.02.13:531][  0]LogConfig: Setting CVar [[r.VT.TileSize:128]]
[2022.04.08-10.02.13:531][  0]LogConfig: Setting CVar [[r.VT.TileBorderSize:4]]
[2022.04.08-10.02.13:531][  0]LogConfig: Setting CVar [[r.vt.FeedbackFactor:16]]
[2022.04.08-10.02.13:531][  0]LogConfig: Setting CVar [[r.VT.EnableCompressZlib:1]]
[2022.04.08-10.02.13:532][  0]LogConfig: Setting CVar [[r.VT.EnableCompressCrunch:0]]
[2022.04.08-10.02.13:532][  0]LogConfig: Setting CVar [[r.ClearCoatNormal:0]]
[2022.04.08-10.02.13:532][  0]LogConfig: Setting CVar [[r.ReflectionCaptureResolution:128]]
[2022.04.08-10.02.13:532][  0]LogConfig: Setting CVar [[r.Mobile.ReflectionCaptureCompression:0]]
[2022.04.08-10.02.13:532][  0]LogConfig: Setting CVar [[r.ReflectionEnvironmentLightmapMixBasedOnRoughness:1]]
[2022.04.08-10.02.13:532][  0]LogConfig: Setting CVar [[r.ForwardShading:0]]
[2022.04.08-10.02.13:532][  0]LogConfig: Setting CVar [[r.VertexFoggingForOpaque:1]]
[2022.04.08-10.02.13:532][  0]LogConfig: Setting CVar [[r.AllowStaticLighting:1]]
[2022.04.08-10.02.13:532][  0]LogConfig: Setting CVar [[r.NormalMapsForStaticLighting:0]]
[2022.04.08-10.02.13:532][  0]LogConfig: Setting CVar [[r.GenerateMeshDistanceFields:0]]
[2022.04.08-10.02.13:532][  0]LogConfig: Setting CVar [[r.DistanceFieldBuild.EightBit:0]]
[2022.04.08-10.02.13:532][  0]LogConfig: Setting CVar [[r.GenerateLandscapeGIData:0]]
[2022.04.08-10.02.13:532][  0]LogConfig: Setting CVar [[r.DistanceFieldBuild.Compress:0]]
[2022.04.08-10.02.13:532][  0]LogConfig: Setting CVar [[r.TessellationAdaptivePixelsPerTriangle:48.000000]]
[2022.04.08-10.02.13:532][  0]LogConfig: Setting CVar [[r.SeparateTranslucency:1]]
[2022.04.08-10.02.13:532][  0]LogConfig: Setting CVar [[r.TranslucentSortPolicy:0]]
[2022.04.08-10.02.13:533][  0]LogConfig: Setting CVar [[vr.VRS.HMDFixedFoveationLevel:0]]
[2022.04.08-10.02.13:533][  0]LogConfig: Setting CVar [[r.CustomDepth:1]]
[2022.04.08-10.02.13:533][  0]LogConfig: Setting CVar [[r.CustomDepthTemporalAAJitter:1]]
[2022.04.08-10.02.13:533][  0]LogConfig: Setting CVar [[r.PostProcessing.PropagateAlpha:0]]
[2022.04.08-10.02.13:533][  0]LogConfig: Setting CVar [[r.DefaultFeature.Bloom:1]]
[2022.04.08-10.02.13:533][  0]LogConfig: Setting CVar [[r.DefaultFeature.AmbientOcclusion:1]]
[2022.04.08-10.02.13:533][  0]LogConfig: Setting CVar [[r.DefaultFeature.AmbientOcclusionStaticFraction:1]]
[2022.04.08-10.02.13:533][  0]LogConfig: Setting CVar [[r.DefaultFeature.AutoExposure:0]]
[2022.04.08-10.02.13:533][  0]LogConfig: Setting CVar [[r.DefaultFeature.AutoExposure.Method:0]]
[2022.04.08-10.02.13:533][  0]LogConfig: Setting CVar [[r.DefaultFeature.AutoExposure.Bias:1.000000]]
[2022.04.08-10.02.13:533][  0]LogConfig: Setting CVar [[r.DefaultFeature.AutoExposure.ExtendDefaultLuminanceRange:0]]
[2022.04.08-10.02.13:533][  0]LogConfig: Setting CVar [[r.UsePreExposure:1]]
[2022.04.08-10.02.13:533][  0]LogConfig: Setting CVar [[r.EyeAdaptation.EditorOnly:0]]
[2022.04.08-10.02.13:533][  0]LogConfig: Setting CVar [[r.DefaultFeature.MotionBlur:0]]
[2022.04.08-10.02.13:533][  0]LogConfig: Setting CVar [[r.DefaultFeature.LensFlare:0]]
[2022.04.08-10.02.13:533][  0]LogConfig: Setting CVar [[r.TemporalAA.Upsampling:0]]
[2022.04.08-10.02.13:533][  0]LogConfig: Setting CVar [[r.SSGI.Enable:0]]
[2022.04.08-10.02.13:533][  0]LogConfig: Setting CVar [[r.DefaultFeature.AntiAliasing:0]]
[2022.04.08-10.02.13:533][  0]LogConfig: Setting CVar [[r.DefaultFeature.LightUnits:1]]
[2022.04.08-10.02.13:533][  0]LogConfig: Setting CVar [[r.DefaultBackBufferPixelFormat:4]]
[2022.04.08-10.02.13:533][  0]LogConfig: Setting CVar [[r.Shadow.UnbuiltPreviewInGame:1]]
[2022.04.08-10.02.13:533][  0]LogConfig: Setting CVar [[r.StencilForLODDither:0]]
[2022.04.08-10.02.13:533][  0]LogConfig: Setting CVar [[r.EarlyZPass:3]]
[2022.04.08-10.02.13:548][  0]LogConfig: Setting CVar [[r.EarlyZPassOnlyMaterialMasking:0]]
[2022.04.08-10.02.13:548][  0]LogConfig: Setting CVar [[r.DBuffer:1]]
[2022.04.08-10.02.13:548][  0]LogConfig: Setting CVar [[r.ClearSceneMethod:1]]
[2022.04.08-10.02.13:548][  0]LogConfig: Setting CVar [[r.BasePassOutputsVelocity:0]]
[2022.04.08-10.02.13:548][  0]LogConfig: Setting CVar [[r.VertexDeformationOutputsVelocity:0]]
[2022.04.08-10.02.13:548][  0]LogConfig: Setting CVar [[r.SelectiveBasePassOutputs:0]]
[2022.04.08-10.02.13:548][  0]LogConfig: Setting CVar [[fx.GPUSimulationTextureSizeX:1024]]
[2022.04.08-10.02.13:548][  0]LogConfig: Setting CVar [[fx.GPUSimulationTextureSizeY:1024]]
[2022.04.08-10.02.13:548][  0]LogConfig: Setting CVar [[r.AllowGlobalClipPlane:0]]
[2022.04.08-10.02.13:548][  0]LogConfig: Setting CVar [[r.GBufferFormat:1]]
[2022.04.08-10.02.13:548][  0]LogConfig: Setting CVar [[r.MorphTarget.Mode:1]]
[2022.04.08-10.02.13:548][  0]LogConfig: Setting CVar [[vr.InstancedStereo:0]]
[2022.04.08-10.02.13:548][  0]LogConfig: Setting CVar [[r.MobileHDR:1]]
[2022.04.08-10.02.13:548][  0]LogConfig: Setting CVar [[vr.MobileMultiView:0]]
[2022.04.08-10.02.13:548][  0]LogConfig: Setting CVar [[r.Mobile.UseHWsRGBEncoding:0]]
[2022.04.08-10.02.13:548][  0]LogConfig: Setting CVar [[vr.RoundRobinOcclusion:0]]
[2022.04.08-10.02.13:548][  0]LogConfig: Setting CVar [[vr.ODSCapture:0]]
[2022.04.08-10.02.13:548][  0]LogConfig: Setting CVar [[r.MeshStreaming:0]]
[2022.04.08-10.02.13:548][  0]LogConfig: Setting CVar [[r.WireframeCullThreshold:5.000000]]
[2022.04.08-10.02.13:548][  0]LogConfig: Setting CVar [[r.RayTracing:0]]
[2022.04.08-10.02.13:548][  0]LogConfig: Setting CVar [[r.RayTracing.UseTextureLod:0]]
[2022.04.08-10.02.13:548][  0]LogConfig: Setting CVar [[r.SupportStationarySkylight:1]]
[2022.04.08-10.02.13:548][  0]LogConfig: Setting CVar [[r.SupportLowQualityLightmaps:1]]
[2022.04.08-10.02.13:548][  0]LogConfig: Setting CVar [[r.SupportPointLightWholeSceneShadows:1]]
[2022.04.08-10.02.13:548][  0]LogConfig: Setting CVar [[r.SupportAtmosphericFog:1]]
[2022.04.08-10.02.13:548][  0]LogConfig: Setting CVar [[r.SupportSkyAtmosphere:1]]
[2022.04.08-10.02.13:548][  0]LogConfig: Setting CVar [[r.SupportSkyAtmosphereAffectsHeightFog:0]]
[2022.04.08-10.02.13:548][  0]LogConfig: Setting CVar [[r.SkinCache.CompileShaders:0]]
[2022.04.08-10.02.13:548][  0]LogConfig: Setting CVar [[r.SkinCache.DefaultBehavior:1]]
[2022.04.08-10.02.13:548][  0]LogConfig: Setting CVar [[r.SkinCache.SceneMemoryLimitInMB:128.000000]]
[2022.04.08-10.02.13:548][  0]LogConfig: Setting CVar [[r.Mobile.EnableStaticAndCSMShadowReceivers:1]]
[2022.04.08-10.02.13:549][  0]LogConfig: Setting CVar [[r.Mobile.EnableMovableLightCSMShaderCulling:1]]
[2022.04.08-10.02.13:549][  0]LogConfig: Setting CVar [[r.Mobile.AllowDistanceFieldShadows:1]]
[2022.04.08-10.02.13:549][  0]LogConfig: Setting CVar [[r.Mobile.AllowMovableDirectionalLights:1]]
[2022.04.08-10.02.13:549][  0]LogConfig: Setting CVar [[r.MobileNumDynamicPointLights:4]]
[2022.04.08-10.02.13:549][  0]LogConfig: Setting CVar [[r.MobileDynamicPointLightsUseStaticBranch:1]]
[2022.04.08-10.02.13:549][  0]LogConfig: Setting CVar [[r.Mobile.EnableMovableSpotlights:0]]
[2022.04.08-10.02.13:549][  0]LogConfig: Setting CVar [[r.Mobile.EnableMovableSpotlightsShadow:0]]
[2022.04.08-10.02.13:549][  0]LogConfig: Setting CVar [[r.GPUSkin.Support16BitBoneIndex:0]]
[2022.04.08-10.02.13:549][  0]LogConfig: Setting CVar [[r.GPUSkin.Limit2BoneInfluences:0]]
[2022.04.08-10.02.13:549][  0]LogConfig: Setting CVar [[r.SupportDepthOnlyIndexBuffers:1]]
[2022.04.08-10.02.13:549][  0]LogConfig: Setting CVar [[r.SupportReversedIndexBuffers:1]]
[2022.04.08-10.02.13:549][  0]LogConfig: Setting CVar [[r.LightPropagationVolume:0]]
[2022.04.08-10.02.13:549][  0]LogConfig: Setting CVar [[r.Mobile.AmbientOcclusion:0]]
[2022.04.08-10.02.13:549][  0]LogConfig: Setting CVar [[r.GPUSkin.UnlimitedBoneInfluences:0]]
[2022.04.08-10.02.13:549][  0]LogConfig: Setting CVar [[r.GPUSkin.UnlimitedBoneInfluencesThreshold:8]]
[2022.04.08-10.02.13:549][  0]LogConfig: Setting CVar [[r.Mobile.PlanarReflectionMode:0]]
[2022.04.08-10.02.13:549][  0]LogConfig: Setting CVar [[r.Mobile.SupportsGen4TAA:0]]
[2022.04.08-10.02.13:549][  0]LogConfig: Applying CVar settings from Section [/Script/Engine.RendererOverrideSettings] File [F:/Unreal Engine Projects/marama/Saved/Config/Windows/Engine.ini]
[2022.04.08-10.02.13:549][  0]LogConfig: Applying CVar settings from Section [/Script/Engine.StreamingSettings] File [F:/Unreal Engine Projects/marama/Saved/Config/Windows/Engine.ini]
[2022.04.08-10.02.13:549][  0]LogConfig: Setting CVar [[s.MinBulkDataSizeForAsyncLoading:131072]]
[2022.04.08-10.02.13:549][  0]LogConfig: Setting CVar [[s.AsyncLoadingThreadEnabled:0]]
[2022.04.08-10.02.13:549][  0]LogConfig: Setting CVar [[s.EventDrivenLoaderEnabled:1]]
[2022.04.08-10.02.13:549][  0]LogConfig: Setting CVar [[s.WarnIfTimeLimitExceeded:0]]
[2022.04.08-10.02.13:549][  0]LogConfig: Setting CVar [[s.TimeLimitExceededMultiplier:1.5]]
[2022.04.08-10.02.13:549][  0]LogConfig: Setting CVar [[s.TimeLimitExceededMinTime:0.005]]
[2022.04.08-10.02.13:549][  0]LogConfig: Setting CVar [[s.UseBackgroundLevelStreaming:1]]
[2022.04.08-10.02.13:549][  0]LogConfig: Setting CVar [[s.PriorityAsyncLoadingExtraTime:15.0]]
[2022.04.08-10.02.13:549][  0]LogConfig: Setting CVar [[s.LevelStreamingActorsUpdateTimeLimit:5.0]]
[2022.04.08-10.02.13:549][  0]LogConfig: Setting CVar [[s.PriorityLevelStreamingActorsUpdateExtraTime:5.0]]
[2022.04.08-10.02.13:549][  0]LogConfig: Setting CVar [[s.LevelStreamingComponentsRegistrationGranularity:10]]
[2022.04.08-10.02.13:549][  0]LogConfig: Setting CVar [[s.UnregisterComponentsTimeLimit:1.0]]
[2022.04.08-10.02.13:549][  0]LogConfig: Setting CVar [[s.LevelStreamingComponentsUnregistrationGranularity:5]]
[2022.04.08-10.02.13:549][  0]LogConfig: Setting CVar [[s.FlushStreamingOnExit:1]]
[2022.04.08-10.02.13:550][  0]LogConfig: Applying CVar settings from Section [/Script/Engine.GarbageCollectionSettings] File [F:/Unreal Engine Projects/marama/Saved/Config/Windows/Engine.ini]
[2022.04.08-10.02.13:550][  0]LogConfig: Setting CVar [[gc.MaxObjectsNotConsideredByGC:1]]
[2022.04.08-10.02.13:550][  0]LogConfig: Setting CVar [[gc.SizeOfPermanentObjectPool:0]]
[2022.04.08-10.02.13:550][  0]LogConfig: Setting CVar [[gc.FlushStreamingOnGC:0]]
[2022.04.08-10.02.13:550][  0]LogConfig: Setting CVar [[gc.NumRetriesBeforeForcingGC:10]]
[2022.04.08-10.02.13:550][  0]LogConfig: Setting CVar [[gc.AllowParallelGC:1]]
[2022.04.08-10.02.13:550][  0]LogConfig: Setting CVar [[gc.TimeBetweenPurgingPendingKillObjects:61.1]]
[2022.04.08-10.02.13:550][  0]LogConfig: Setting CVar [[gc.MaxObjectsInEditor:25165824]]
[2022.04.08-10.02.13:550][  0]LogConfig: Setting CVar [[gc.IncrementalBeginDestroyEnabled:1]]
[2022.04.08-10.02.13:550][  0]LogConfig: Setting CVar [[gc.CreateGCClusters:1]]
[2022.04.08-10.02.13:550][  0]LogConfig: Setting CVar [[gc.MinGCClusterSize:5]]
[2022.04.08-10.02.13:550][  0]LogConfig: Setting CVar [[gc.ActorClusteringEnabled:0]]
[2022.04.08-10.02.13:550][  0]LogConfig: Setting CVar [[gc.BlueprintClusteringEnabled:0]]
[2022.04.08-10.02.13:550][  0]LogConfig: Setting CVar [[gc.UseDisregardForGCOnDedicatedServers:0]]
[2022.04.08-10.02.13:550][  0]LogConfig: Setting CVar [[gc.MultithreadedDestructionEnabled:1]]
[2022.04.08-10.02.13:550][  0]LogConfig: Applying CVar settings from Section [/Script/Engine.NetworkSettings] File [F:/Unreal Engine Projects/marama/Saved/Config/Windows/Engine.ini]
[2022.04.08-10.02.13:551][  0]LogConfig: Applying CVar settings from Section [/Script/UnrealEd.CookerSettings] File [F:/Unreal Engine Projects/marama/Saved/Config/Windows/Engine.ini]
[2022.04.08-10.02.13:719][  0]LogConfig: Applying CVar settings from Section [ViewDistanceQuality@3] File [F:/Unreal Engine Projects/marama/Saved/Config/Windows/Scalability.ini]
[2022.04.08-10.02.13:719][  0]LogConfig: Setting CVar [[r.SkeletalMeshLODBias:0]]
[2022.04.08-10.02.13:719][  0]LogConfig: Setting CVar [[r.ViewDistanceScale:1.0]]
[2022.04.08-10.02.13:719][  0]LogConfig: Applying CVar settings from Section [AntiAliasingQuality@3] File [F:/Unreal Engine Projects/marama/Saved/Config/Windows/Scalability.ini]
[2022.04.08-10.02.13:719][  0]LogConfig: Setting CVar [[r.PostProcessAAQuality:4]]
[2022.04.08-10.02.13:719][  0]LogConfig: Applying CVar settings from Section [ShadowQuality@3] File [F:/Unreal Engine Projects/marama/Saved/Config/Windows/Scalability.ini]
[2022.04.08-10.02.13:719][  0]LogConfig: Setting CVar [[r.LightFunctionQuality:1]]
[2022.04.08-10.02.13:719][  0]LogConfig: Setting CVar [[r.ShadowQuality:5]]
[2022.04.08-10.02.13:719][  0]LogConfig: Setting CVar [[r.Shadow.CSM.MaxCascades:10]]
[2022.04.08-10.02.13:719][  0]LogConfig: Setting CVar [[r.Shadow.MaxResolution:2048]]
[2022.04.08-10.02.13:719][  0]LogConfig: Setting CVar [[r.Shadow.MaxCSMResolution:2048]]
[2022.04.08-10.02.13:719][  0]LogConfig: Setting CVar [[r.Shadow.RadiusThreshold:0.01]]
[2022.04.08-10.02.13:719][  0]LogConfig: Setting CVar [[r.Shadow.DistanceScale:1.0]]
[2022.04.08-10.02.13:719][  0]LogConfig: Setting CVar [[r.Shadow.CSM.TransitionScale:1.0]]
[2022.04.08-10.02.13:719][  0]LogConfig: Setting CVar [[r.Shadow.PreShadowResolutionFactor:1.0]]
[2022.04.08-10.02.13:719][  0]LogConfig: Setting CVar [[r.DistanceFieldShadowing:1]]
[2022.04.08-10.02.13:719][  0]LogConfig: Setting CVar [[r.DistanceFieldAO:1]]
[2022.04.08-10.02.13:719][  0]LogConfig: Setting CVar [[r.AOQuality:2]]
[2022.04.08-10.02.13:719][  0]LogConfig: Setting CVar [[r.VolumetricFog:1]]
[2022.04.08-10.02.13:719][  0]LogConfig: Setting CVar [[r.VolumetricFog.GridPixelSize:8]]
[2022.04.08-10.02.13:719][  0]LogConfig: Setting CVar [[r.VolumetricFog.GridSizeZ:128]]
[2022.04.08-10.02.13:719][  0]LogConfig: Setting CVar [[r.VolumetricFog.HistoryMissSupersampleCount:4]]
[2022.04.08-10.02.13:719][  0]LogConfig: Setting CVar [[r.LightMaxDrawDistanceScale:1]]
[2022.04.08-10.02.13:719][  0]LogConfig: Setting CVar [[r.CapsuleShadows:1]]
[2022.04.08-10.02.13:719][  0]LogConfig: Applying CVar settings from Section [PostProcessQuality@3] File [F:/Unreal Engine Projects/marama/Saved/Config/Windows/Scalability.ini]
[2022.04.08-10.02.13:719][  0]LogConfig: Setting CVar [[r.MotionBlurQuality:4]]
[2022.04.08-10.02.13:719][  0]LogConfig: Setting CVar [[r.AmbientOcclusionMipLevelFactor:0.4]]
[2022.04.08-10.02.13:719][  0]LogConfig: Setting CVar [[r.AmbientOcclusionMaxQuality:100]]
[2022.04.08-10.02.13:719][  0]LogConfig: Setting CVar [[r.AmbientOcclusionLevels:-1]]
[2022.04.08-10.02.13:719][  0]LogConfig: Setting CVar [[r.AmbientOcclusionRadiusScale:1.0]]
[2022.04.08-10.02.13:719][  0]LogConfig: Setting CVar [[r.DepthOfFieldQuality:2]]
[2022.04.08-10.02.13:719][  0]LogConfig: Setting CVar [[r.RenderTargetPoolMin:400]]
[2022.04.08-10.02.13:719][  0]LogConfig: Setting CVar [[r.LensFlareQuality:2]]
[2022.04.08-10.02.13:720][  0]LogConfig: Setting CVar [[r.SceneColorFringeQuality:1]]
[2022.04.08-10.02.13:720][  0]LogConfig: Setting CVar [[r.EyeAdaptationQuality:2]]
[2022.04.08-10.02.13:720][  0]LogConfig: Setting CVar [[r.BloomQuality:5]]
[2022.04.08-10.02.13:720][  0]LogConfig: Setting CVar [[r.FastBlurThreshold:100]]
[2022.04.08-10.02.13:720][  0]LogConfig: Setting CVar [[r.Upscale.Quality:3]]
[2022.04.08-10.02.13:720][  0]LogConfig: Setting CVar [[r.Tonemapper.GrainQuantization:1]]
[2022.04.08-10.02.13:720][  0]LogConfig: Setting CVar [[r.LightShaftQuality:1]]
[2022.04.08-10.02.13:720][  0]LogConfig: Setting CVar [[r.Filter.SizeScale:1]]
[2022.04.08-10.02.13:720][  0]LogConfig: Setting CVar [[r.Tonemapper.Quality:5]]
[2022.04.08-10.02.13:720][  0]LogConfig: Setting CVar [[r.DOF.Gather.AccumulatorQuality:1        ; higher gathering accumulator quality]]
[2022.04.08-10.02.13:720][  0]LogConfig: Setting CVar [[r.DOF.Gather.PostfilterMethod:1          ; Median3x3 postfilering method]]
[2022.04.08-10.02.13:720][  0]LogConfig: Setting CVar [[r.DOF.Gather.EnableBokehSettings:0       ; no bokeh simulation when gathering]]
[2022.04.08-10.02.13:720][  0]LogConfig: Setting CVar [[r.DOF.Gather.RingCount:4                 ; medium number of samples when gathering]]
[2022.04.08-10.02.13:720][  0]LogConfig: Setting CVar [[r.DOF.Scatter.ForegroundCompositing:1    ; additive foreground scattering]]
[2022.04.08-10.02.13:720][  0]LogConfig: Setting CVar [[r.DOF.Scatter.BackgroundCompositing:2    ; additive background scattering]]
[2022.04.08-10.02.13:720][  0]LogConfig: Setting CVar [[r.DOF.Scatter.EnableBokehSettings:1      ; bokeh simulation when scattering]]
[2022.04.08-10.02.13:720][  0]LogConfig: Setting CVar [[r.DOF.Scatter.MaxSpriteRatio:0.1         ; only a maximum of 10% of scattered bokeh]]
[2022.04.08-10.02.13:720][  0]LogConfig: Setting CVar [[r.DOF.Recombine.Quality:1                ; cheap slight out of focus]]
[2022.04.08-10.02.13:720][  0]LogConfig: Setting CVar [[r.DOF.Recombine.EnableBokehSettings:0    ; no bokeh simulation on slight out of focus]]
[2022.04.08-10.02.13:720][  0]LogConfig: Setting CVar [[r.DOF.TemporalAAQuality:1                ; more stable temporal accumulation]]
[2022.04.08-10.02.13:720][  0]LogConfig: Setting CVar [[r.DOF.Kernel.MaxForegroundRadius:0.025]]
[2022.04.08-10.02.13:720][  0]LogConfig: Setting CVar [[r.DOF.Kernel.MaxBackgroundRadius:0.025]]
[2022.04.08-10.02.13:720][  0]LogConfig: Applying CVar settings from Section [TextureQuality@3] File [F:/Unreal Engine Projects/marama/Saved/Config/Windows/Scalability.ini]
[2022.04.08-10.02.13:720][  0]LogConfig: Setting CVar [[r.Streaming.MipBias:0]]
[2022.04.08-10.02.13:720][  0]LogConfig: Setting CVar [[r.Streaming.AmortizeCPUToGPUCopy:0]]
[2022.04.08-10.02.13:720][  0]LogConfig: Setting CVar [[r.Streaming.MaxNumTexturesToStreamPerFrame:0]]
[2022.04.08-10.02.13:720][  0]LogConfig: Setting CVar [[r.Streaming.Boost:1]]
[2022.04.08-10.02.13:720][  0]LogConfig: Setting CVar [[r.MaxAnisotropy:8]]
[2022.04.08-10.02.13:720][  0]LogConfig: Setting CVar [[r.VT.MaxAnisotropy:8]]
[2022.04.08-10.02.13:720][  0]LogConfig: Setting CVar [[r.Streaming.LimitPoolSizeToVRAM:0]]
[2022.04.08-10.02.13:721][  0]LogConfig: Setting CVar [[r.Streaming.PoolSize:1000]]
[2022.04.08-10.02.13:721][  0]LogConfig: Setting CVar [[r.Streaming.MaxEffectiveScreenSize:0]]
[2022.04.08-10.02.13:721][  0]LogConfig: Applying CVar settings from Section [EffectsQuality@3] File [F:/Unreal Engine Projects/marama/Saved/Config/Windows/Scalability.ini]
[2022.04.08-10.02.13:721][  0]LogConfig: Setting CVar [[r.TranslucencyLightingVolumeDim:64]]
[2022.04.08-10.02.13:721][  0]LogConfig: Setting CVar [[r.RefractionQuality:2]]
[2022.04.08-10.02.13:721][  0]LogConfig: Setting CVar [[r.SSR.Quality:3]]
[2022.04.08-10.02.13:721][  0]LogConfig: Setting CVar [[r.SSR.HalfResSceneColor:0]]
[2022.04.08-10.02.13:721][  0]LogConfig: Setting CVar [[r.SceneColorFormat:4]]
[2022.04.08-10.02.13:721][  0]LogConfig: Setting CVar [[r.DetailMode:2]]
[2022.04.08-10.02.13:721][  0]LogConfig: Setting CVar [[r.TranslucencyVolumeBlur:1]]
[2022.04.08-10.02.13:721][  0]LogConfig: Setting CVar [[r.MaterialQualityLevel:1 ; High quality]]
[2022.04.08-10.02.13:721][  0]LogConfig: Setting CVar [[r.AnisotropicMaterials:1]]
[2022.04.08-10.02.13:721][  0]LogConfig: Setting CVar [[r.SSS.Scale:1]]
[2022.04.08-10.02.13:721][  0]LogConfig: Setting CVar [[r.SSS.SampleSet:2]]
[2022.04.08-10.02.13:721][  0]LogConfig: Setting CVar [[r.SSS.Quality:1]]
[2022.04.08-10.02.13:721][  0]LogConfig: Setting CVar [[r.SSS.HalfRes:0]]
[2022.04.08-10.02.13:721][  0]LogConfig: Setting CVar [[r.SSGI.Quality:3]]
[2022.04.08-10.02.13:721][  0]LogConfig: Setting CVar [[r.EmitterSpawnRateScale:1.0]]
[2022.04.08-10.02.13:721][  0]LogConfig: Setting CVar [[r.ParticleLightQuality:2]]
[2022.04.08-10.02.13:721][  0]LogConfig: Setting CVar [[r.SkyAtmosphere.AerialPerspectiveLUT.FastApplyOnOpaque:1 ; Always have FastSkyLUT 1 in this case to avoid wrong sky]]
[2022.04.08-10.02.13:721][  0]LogConfig: Setting CVar [[r.SkyAtmosphere.AerialPerspectiveLUT.SampleCountMaxPerSlice:4]]
[2022.04.08-10.02.13:721][  0]LogConfig: Setting CVar [[r.SkyAtmosphere.AerialPerspectiveLUT.DepthResolution:16.0]]
[2022.04.08-10.02.13:721][  0]LogConfig: Setting CVar [[r.SkyAtmosphere.FastSkyLUT:1]]
[2022.04.08-10.02.13:721][  0]LogConfig: Setting CVar [[r.SkyAtmosphere.FastSkyLUT.SampleCountMin:4.0]]
[2022.04.08-10.02.13:721][  0]LogConfig: Setting CVar [[r.SkyAtmosphere.FastSkyLUT.SampleCountMax:128.0]]
[2022.04.08-10.02.13:721][  0]LogConfig: Setting CVar [[r.SkyAtmosphere.SampleCountMin:4.0]]
[2022.04.08-10.02.13:721][  0]LogConfig: Setting CVar [[r.SkyAtmosphere.SampleCountMax:128.0]]
[2022.04.08-10.02.13:721][  0]LogConfig: Setting CVar [[r.SkyAtmosphere.TransmittanceLUT.UseSmallFormat:0]]
[2022.04.08-10.02.13:721][  0]LogConfig: Setting CVar [[r.SkyAtmosphere.TransmittanceLUT.SampleCount:10.0]]
[2022.04.08-10.02.13:721][  0]LogConfig: Setting CVar [[r.SkyAtmosphere.MultiScatteringLUT.SampleCount:15.0]]
[2022.04.08-10.02.13:721][  0]LogConfig: Setting CVar [[r.SkyLight.RealTimeReflectionCapture:1]]
[2022.04.08-10.02.13:722][  0]LogConfig: Applying CVar settings from Section [FoliageQuality@3] File [F:/Unreal Engine Projects/marama/Saved/Config/Windows/Scalability.ini]
[2022.04.08-10.02.13:722][  0]LogConfig: Setting CVar [[foliage.DensityScale:1.0]]
[2022.04.08-10.02.13:722][  0]LogConfig: Setting CVar [[grass.DensityScale:1.0]]
[2022.04.08-10.02.13:722][  0]LogConfig: Applying CVar settings from Section [ShadingQuality@3] File [F:/Unreal Engine Projects/marama/Saved/Config/Windows/Scalability.ini]
[2022.04.08-10.02.13:722][  0]LogConfig: Setting CVar [[r.HairStrands.SkyLighting.IntegrationType:2]]
[2022.04.08-10.02.13:722][  0]LogConfig: Setting CVar [[r.HairStrands.SkyAO.SampleCount:4]]
[2022.04.08-10.02.13:722][  0]LogConfig: Setting CVar [[r.HairStrands.Visibility.MSAA.SamplePerPixel:4]]
[2022.04.08-10.02.13:728][  0]LogInit: Selected Device Profile: [Windows]
[2022.04.08-10.02.13:735][  0]LogInit: Applying CVar settings loaded from the selected device profile: [Windows]
[2022.04.08-10.02.13:735][  0]LogHAL: Display: Platform has ~ 16 GB [17130672128 / 17179869184 / 16], which maps to Larger [LargestMinGB=32, LargerMinGB=12, DefaultMinGB=8, SmallerMinGB=6, SmallestMinGB=0)
[2022.04.08-10.02.13:735][  0]LogInit: Going up to parent DeviceProfile []
[2022.04.08-10.02.13:743][  0]LogConfig: Applying CVar settings from Section [ViewDistanceQuality@3] File [F:/Unreal Engine Projects/marama/Saved/Config/Windows/Scalability.ini]
[2022.04.08-10.02.13:743][  0]LogConfig: Setting CVar [[r.SkeletalMeshLODBias:0]]
[2022.04.08-10.02.13:743][  0]LogConfig: Setting CVar [[r.ViewDistanceScale:1.0]]
[2022.04.08-10.02.13:743][  0]LogConfig: Applying CVar settings from Section [AntiAliasingQuality@3] File [F:/Unreal Engine Projects/marama/Saved/Config/Windows/Scalability.ini]
[2022.04.08-10.02.13:743][  0]LogConfig: Setting CVar [[r.PostProcessAAQuality:4]]
[2022.04.08-10.02.13:743][  0]LogConfig: Applying CVar settings from Section [ShadowQuality@3] File [F:/Unreal Engine Projects/marama/Saved/Config/Windows/Scalability.ini]
[2022.04.08-10.02.13:743][  0]LogConfig: Setting CVar [[r.LightFunctionQuality:1]]
[2022.04.08-10.02.13:744][  0]LogConfig: Setting CVar [[r.ShadowQuality:5]]
[2022.04.08-10.02.13:744][  0]LogConfig: Setting CVar [[r.Shadow.CSM.MaxCascades:10]]
[2022.04.08-10.02.13:744][  0]LogConfig: Setting CVar [[r.Shadow.MaxResolution:2048]]
[2022.04.08-10.02.13:744][  0]LogConfig: Setting CVar [[r.Shadow.MaxCSMResolution:2048]]
[2022.04.08-10.02.13:744][  0]LogConfig: Setting CVar [[r.Shadow.RadiusThreshold:0.01]]
[2022.04.08-10.02.13:744][  0]LogConfig: Setting CVar [[r.Shadow.DistanceScale:1.0]]
[2022.04.08-10.02.13:744][  0]LogConfig: Setting CVar [[r.Shadow.CSM.TransitionScale:1.0]]
[2022.04.08-10.02.13:744][  0]LogConfig: Setting CVar [[r.Shadow.PreShadowResolutionFactor:1.0]]
[2022.04.08-10.02.13:744][  0]LogConfig: Setting CVar [[r.DistanceFieldShadowing:1]]
[2022.04.08-10.02.13:744][  0]LogConfig: Setting CVar [[r.DistanceFieldAO:1]]
[2022.04.08-10.02.13:744][  0]LogConfig: Setting CVar [[r.AOQuality:2]]
[2022.04.08-10.02.13:744][  0]LogConfig: Setting CVar [[r.VolumetricFog:1]]
[2022.04.08-10.02.13:744][  0]LogConfig: Setting CVar [[r.VolumetricFog.GridPixelSize:8]]
[2022.04.08-10.02.13:744][  0]LogConfig: Setting CVar [[r.VolumetricFog.GridSizeZ:128]]
[2022.04.08-10.02.13:744][  0]LogConfig: Setting CVar [[r.VolumetricFog.HistoryMissSupersampleCount:4]]
[2022.04.08-10.02.13:744][  0]LogConfig: Setting CVar [[r.LightMaxDrawDistanceScale:1]]
[2022.04.08-10.02.13:744][  0]LogConfig: Setting CVar [[r.CapsuleShadows:1]]
[2022.04.08-10.02.13:744][  0]LogConfig: Applying CVar settings from Section [PostProcessQuality@3] File [F:/Unreal Engine Projects/marama/Saved/Config/Windows/Scalability.ini]
[2022.04.08-10.02.13:744][  0]LogConfig: Setting CVar [[r.MotionBlurQuality:4]]
[2022.04.08-10.02.13:744][  0]LogConfig: Setting CVar [[r.AmbientOcclusionMipLevelFactor:0.4]]
[2022.04.08-10.02.13:744][  0]LogConfig: Setting CVar [[r.AmbientOcclusionMaxQuality:100]]
[2022.04.08-10.02.13:744][  0]LogConfig: Setting CVar [[r.AmbientOcclusionLevels:-1]]
[2022.04.08-10.02.13:744][  0]LogConfig: Setting CVar [[r.AmbientOcclusionRadiusScale:1.0]]
[2022.04.08-10.02.13:744][  0]LogConfig: Setting CVar [[r.DepthOfFieldQuality:2]]
[2022.04.08-10.02.13:744][  0]LogConfig: Setting CVar [[r.RenderTargetPoolMin:400]]
[2022.04.08-10.02.13:744][  0]LogConfig: Setting CVar [[r.LensFlareQuality:2]]
[2022.04.08-10.02.13:744][  0]LogConfig: Setting CVar [[r.SceneColorFringeQuality:1]]
[2022.04.08-10.02.13:744][  0]LogConfig: Setting CVar [[r.EyeAdaptationQuality:2]]
[2022.04.08-10.02.13:744][  0]LogConfig: Setting CVar [[r.BloomQuality:5]]
[2022.04.08-10.02.13:744][  0]LogConfig: Setting CVar [[r.FastBlurThreshold:100]]
[2022.04.08-10.02.13:744][  0]LogConfig: Setting CVar [[r.Upscale.Quality:3]]
[2022.04.08-10.02.13:744][  0]LogConfig: Setting CVar [[r.Tonemapper.GrainQuantization:1]]
[2022.04.08-10.02.13:744][  0]LogConfig: Setting CVar [[r.LightShaftQuality:1]]
[2022.04.08-10.02.13:744][  0]LogConfig: Setting CVar [[r.Filter.SizeScale:1]]
[2022.04.08-10.02.13:744][  0]LogConfig: Setting CVar [[r.Tonemapper.Quality:5]]
[2022.04.08-10.02.13:744][  0]LogConfig: Setting CVar [[r.DOF.Gather.AccumulatorQuality:1        ; higher gathering accumulator quality]]
[2022.04.08-10.02.13:744][  0]LogConfig: Setting CVar [[r.DOF.Gather.PostfilterMethod:1          ; Median3x3 postfilering method]]
[2022.04.08-10.02.13:745][  0]LogConfig: Setting CVar [[r.DOF.Gather.EnableBokehSettings:0       ; no bokeh simulation when gathering]]
[2022.04.08-10.02.13:745][  0]LogConfig: Setting CVar [[r.DOF.Gather.RingCount:4                 ; medium number of samples when gathering]]
[2022.04.08-10.02.13:745][  0]LogConfig: Setting CVar [[r.DOF.Scatter.ForegroundCompositing:1    ; additive foreground scattering]]
[2022.04.08-10.02.13:745][  0]LogConfig: Setting CVar [[r.DOF.Scatter.BackgroundCompositing:2    ; additive background scattering]]
[2022.04.08-10.02.13:745][  0]LogConfig: Setting CVar [[r.DOF.Scatter.EnableBokehSettings:1      ; bokeh simulation when scattering]]
[2022.04.08-10.02.13:745][  0]LogConfig: Setting CVar [[r.DOF.Scatter.MaxSpriteRatio:0.1         ; only a maximum of 10% of scattered bokeh]]
[2022.04.08-10.02.13:745][  0]LogConfig: Setting CVar [[r.DOF.Recombine.Quality:1                ; cheap slight out of focus]]
[2022.04.08-10.02.13:745][  0]LogConfig: Setting CVar [[r.DOF.Recombine.EnableBokehSettings:0    ; no bokeh simulation on slight out of focus]]
[2022.04.08-10.02.13:745][  0]LogConfig: Setting CVar [[r.DOF.TemporalAAQuality:1                ; more stable temporal accumulation]]
[2022.04.08-10.02.13:745][  0]LogConfig: Setting CVar [[r.DOF.Kernel.MaxForegroundRadius:0.025]]
[2022.04.08-10.02.13:745][  0]LogConfig: Setting CVar [[r.DOF.Kernel.MaxBackgroundRadius:0.025]]
[2022.04.08-10.02.13:745][  0]LogConfig: Applying CVar settings from Section [TextureQuality@3] File [F:/Unreal Engine Projects/marama/Saved/Config/Windows/Scalability.ini]
[2022.04.08-10.02.13:745][  0]LogConfig: Setting CVar [[r.Streaming.MipBias:0]]
[2022.04.08-10.02.13:745][  0]LogConfig: Setting CVar [[r.Streaming.AmortizeCPUToGPUCopy:0]]
[2022.04.08-10.02.13:745][  0]LogConfig: Setting CVar [[r.Streaming.MaxNumTexturesToStreamPerFrame:0]]
[2022.04.08-10.02.13:745][  0]LogConfig: Setting CVar [[r.Streaming.Boost:1]]
[2022.04.08-10.02.13:745][  0]LogConfig: Setting CVar [[r.MaxAnisotropy:8]]
[2022.04.08-10.02.13:745][  0]LogConfig: Setting CVar [[r.VT.MaxAnisotropy:8]]
[2022.04.08-10.02.13:745][  0]LogConfig: Setting CVar [[r.Streaming.LimitPoolSizeToVRAM:0]]
[2022.04.08-10.02.13:745][  0]LogConfig: Setting CVar [[r.Streaming.PoolSize:1000]]
[2022.04.08-10.02.13:745][  0]LogConfig: Setting CVar [[r.Streaming.MaxEffectiveScreenSize:0]]
[2022.04.08-10.02.13:745][  0]LogConfig: Applying CVar settings from Section [EffectsQuality@3] File [F:/Unreal Engine Projects/marama/Saved/Config/Windows/Scalability.ini]
[2022.04.08-10.02.13:745][  0]LogConfig: Setting CVar [[r.TranslucencyLightingVolumeDim:64]]
[2022.04.08-10.02.13:745][  0]LogConfig: Setting CVar [[r.RefractionQuality:2]]
[2022.04.08-10.02.13:745][  0]LogConfig: Setting CVar [[r.SSR.Quality:3]]
[2022.04.08-10.02.13:745][  0]LogConfig: Setting CVar [[r.SSR.HalfResSceneColor:0]]
[2022.04.08-10.02.13:745][  0]LogConfig: Setting CVar [[r.SceneColorFormat:4]]
[2022.04.08-10.02.13:745][  0]LogConfig: Setting CVar [[r.DetailMode:2]]
[2022.04.08-10.02.13:745][  0]LogConfig: Setting CVar [[r.TranslucencyVolumeBlur:1]]
[2022.04.08-10.02.13:745][  0]LogConfig: Setting CVar [[r.MaterialQualityLevel:1 ; High quality]]
[2022.04.08-10.02.13:746][  0]LogConfig: Setting CVar [[r.AnisotropicMaterials:1]]
[2022.04.08-10.02.13:746][  0]LogConfig: Setting CVar [[r.SSS.Scale:1]]
[2022.04.08-10.02.13:746][  0]LogConfig: Setting CVar [[r.SSS.SampleSet:2]]
[2022.04.08-10.02.13:746][  0]LogConfig: Setting CVar [[r.SSS.Quality:1]]
[2022.04.08-10.02.13:746][  0]LogConfig: Setting CVar [[r.SSS.HalfRes:0]]
[2022.04.08-10.02.13:746][  0]LogConfig: Setting CVar [[r.SSGI.Quality:3]]
[2022.04.08-10.02.13:746][  0]LogConfig: Setting CVar [[r.EmitterSpawnRateScale:1.0]]
[2022.04.08-10.02.13:746][  0]LogConfig: Setting CVar [[r.ParticleLightQuality:2]]
[2022.04.08-10.02.13:746][  0]LogConfig: Setting CVar [[r.SkyAtmosphere.AerialPerspectiveLUT.FastApplyOnOpaque:1 ; Always have FastSkyLUT 1 in this case to avoid wrong sky]]
[2022.04.08-10.02.13:746][  0]LogConfig: Setting CVar [[r.SkyAtmosphere.AerialPerspectiveLUT.SampleCountMaxPerSlice:4]]
[2022.04.08-10.02.13:746][  0]LogConfig: Setting CVar [[r.SkyAtmosphere.AerialPerspectiveLUT.DepthResolution:16.0]]
[2022.04.08-10.02.13:746][  0]LogConfig: Setting CVar [[r.SkyAtmosphere.FastSkyLUT:1]]
[2022.04.08-10.02.13:746][  0]LogConfig: Setting CVar [[r.SkyAtmosphere.FastSkyLUT.SampleCountMin:4.0]]
[2022.04.08-10.02.13:746][  0]LogConfig: Setting CVar [[r.SkyAtmosphere.FastSkyLUT.SampleCountMax:128.0]]
[2022.04.08-10.02.13:746][  0]LogConfig: Setting CVar [[r.SkyAtmosphere.SampleCountMin:4.0]]
[2022.04.08-10.02.13:746][  0]LogConfig: Setting CVar [[r.SkyAtmosphere.SampleCountMax:128.0]]
[2022.04.08-10.02.13:746][  0]LogConfig: Setting CVar [[r.SkyAtmosphere.TransmittanceLUT.UseSmallFormat:0]]
[2022.04.08-10.02.13:746][  0]LogConfig: Setting CVar [[r.SkyAtmosphere.TransmittanceLUT.SampleCount:10.0]]
[2022.04.08-10.02.13:746][  0]LogConfig: Setting CVar [[r.SkyAtmosphere.MultiScatteringLUT.SampleCount:15.0]]
[2022.04.08-10.02.13:746][  0]LogConfig: Setting CVar [[r.SkyLight.RealTimeReflectionCapture:1]]
[2022.04.08-10.02.13:746][  0]LogConfig: Applying CVar settings from Section [FoliageQuality@3] File [F:/Unreal Engine Projects/marama/Saved/Config/Windows/Scalability.ini]
[2022.04.08-10.02.13:746][  0]LogConfig: Setting CVar [[foliage.DensityScale:1.0]]
[2022.04.08-10.02.13:746][  0]LogConfig: Setting CVar [[grass.DensityScale:1.0]]
[2022.04.08-10.02.13:746][  0]LogConfig: Applying CVar settings from Section [ShadingQuality@3] File [F:/Unreal Engine Projects/marama/Saved/Config/Windows/Scalability.ini]
[2022.04.08-10.02.13:746][  0]LogConfig: Setting CVar [[r.HairStrands.SkyLighting.IntegrationType:2]]
[2022.04.08-10.02.13:746][  0]LogConfig: Setting CVar [[r.HairStrands.SkyAO.SampleCount:4]]
[2022.04.08-10.02.13:746][  0]LogConfig: Setting CVar [[r.HairStrands.Visibility.MSAA.SamplePerPixel:4]]
[2022.04.08-10.02.13:746][  0]LogConfig: Applying CVar settings from Section [Startup] File [../../../Engine/Config/ConsoleVariables.ini]
[2022.04.08-10.02.13:765][  0]LogConfig: Setting CVar [[net.UseAdaptiveNetUpdateFrequency:0]]
[2022.04.08-10.02.13:765][  0]LogConfig: Setting CVar [[p.chaos.AllowCreatePhysxBodies:1]]
[2022.04.08-10.02.13:765][  0]LogConfig: Setting CVar [[fx.SkipVectorVMBackendOptimizations:1]]
[2022.04.08-10.02.13:765][  0]LogConfig: Applying CVar settings from Section [ConsoleVariables] File [F:/Unreal Engine Projects/marama/Saved/Config/Windows/Engine.ini]
[2022.04.08-10.02.13:765][  0]LogConfig: Applying CVar settings from Section [ConsoleVariables] File [F:/Unreal Engine Projects/marama/Saved/Config/Windows/Editor.ini]
[2022.04.08-10.02.13:766][  0]LogInit: Computer: DESKTOP-CB0F8EA
[2022.04.08-10.02.13:766][  0]LogInit: User: Phoenix
[2022.04.08-10.02.13:766][  0]LogInit: CPU Page size=4096, Cores=4
[2022.04.08-10.02.13:766][  0]LogInit: High frequency timer resolution =10.000000 MHz
[2022.04.08-10.02.13:766][  0]LogMemory: Memory total: Physical=16.0GB (16GB approx)
[2022.04.08-10.02.13:766][  0]LogMemory: Platform Memory Stats for Windows
[2022.04.08-10.02.13:766][  0]LogMemory: Process Physical Memory: 146.32 MB used, 146.33 MB peak
[2022.04.08-10.02.13:766][  0]LogMemory: Process Virtual Memory: 121.12 MB used, 121.12 MB peak
[2022.04.08-10.02.13:766][  0]LogMemory: Physical Memory: 6085.64 MB used,  10251.45 MB free, 16337.08 MB total
[2022.04.08-10.02.13:766][  0]LogMemory: Virtual Memory: 134203520.00 MB used,  14207.28 MB free, 134217728.00 MB total
[2022.04.08-10.02.13:810][  0]LogWindows: WindowsPlatformFeatures enabled
[2022.04.08-10.02.14:862][  0]LogInit: Physics initialised using underlying interface: PhysX
[2022.04.08-10.02.14:948][  0]LogInit: Using OS detected language (de-DE).
[2022.04.08-10.02.14:948][  0]LogInit: Using OS detected locale (de-DE).
[2022.04.08-10.02.15:310][  0]LogTextLocalizationManager: No specific localization for 'de-DE' exists, so the 'de' localization will be used.
[2022.04.08-10.02.15:310][  0]LogTextLocalizationResource: LocRes '../../../Engine/Content/Localization/Editor/de/Editor.locres' could not be opened for reading!
[2022.04.08-10.02.15:310][  0]LogTextLocalizationResource: LocRes '../../../Engine/Content/Localization/EditorTutorials/de/EditorTutorials.locres' could not be opened for reading!
[2022.04.08-10.02.15:310][  0]LogTextLocalizationResource: LocRes '../../../Engine/Content/Localization/Keywords/de/Keywords.locres' could not be opened for reading!
[2022.04.08-10.02.15:311][  0]LogTextLocalizationResource: LocRes '../../../Engine/Content/Localization/Category/de/Category.locres' could not be opened for reading!
[2022.04.08-10.02.15:311][  0]LogTextLocalizationResource: LocRes '../../../Engine/Content/Localization/ToolTips/de/ToolTips.locres' could not be opened for reading!
[2022.04.08-10.02.15:311][  0]LogTextLocalizationResource: LocRes '../../../Engine/Content/Localization/PropertyNames/de/PropertyNames.locres' could not be opened for reading!
[2022.04.08-10.02.15:311][  0]LogTextLocalizationResource: LocRes '../../../Engine/Content/Localization/Engine/de/Engine.locres' could not be opened for reading!
[2022.04.08-10.02.15:494][  0]LogInit: Setting process to per monitor DPI aware
[2022.04.08-10.02.15:936][  0]LogWindowsTextInputMethodSystem: Display: IME system deactivated.
[2022.04.08-10.02.16:519][  0]LogSlate: New Slate User Created.  User Index 0, Is Virtual User: 0
[2022.04.08-10.02.16:519][  0]LogSlate: Slate User Registered.  User Index 0, Is Virtual User: 0
[2022.04.08-10.02.19:435][  0]LogD3D11RHI: Loaded GFSDK_Aftermath_Lib.x64.dll
[2022.04.08-10.02.19:527][  0]LogHMD: Failed to initialize OpenVR with code 110
[2022.04.08-10.02.19:527][  0]LogD3D11RHI: D3D11 min allowed feature level: 11_0
[2022.04.08-10.02.19:527][  0]LogD3D11RHI: D3D11 max allowed feature level: 11_0
[2022.04.08-10.02.19:527][  0]LogD3D11RHI: D3D11 adapters:
[2022.04.08-10.02.19:687][  0]LogD3D11RHI:    0. 'NVIDIA GeForce GTX 1060 6GB' (Feature Level 11_0)
[2022.04.08-10.02.19:687][  0]LogD3D11RHI:       6052/0/8168 MB DedicatedVideo/DedicatedSystem/SharedSystem, Outputs:2, VendorId:0x10de
[2022.04.08-10.02.19:690][  0]LogD3D11RHI:    1. 'Microsoft Basic Render Driver' (Feature Level 11_0)
[2022.04.08-10.02.19:690][  0]LogD3D11RHI:       0/0/8168 MB DedicatedVideo/DedicatedSystem/SharedSystem, Outputs:0, VendorId:0x1414
[2022.04.08-10.02.19:690][  0]LogD3D11RHI: Chosen D3D11 Adapter:
[2022.04.08-10.02.19:690][  0]LogD3D11RHI:     Description : NVIDIA GeForce GTX 1060 6GB
[2022.04.08-10.02.19:690][  0]LogD3D11RHI:     VendorId    : 10de
[2022.04.08-10.02.19:690][  0]LogD3D11RHI:     DeviceId    : 1c03
[2022.04.08-10.02.19:690][  0]LogD3D11RHI:     SubSysId    : 37391458
[2022.04.08-10.02.19:690][  0]LogD3D11RHI:     Revision    : 00a1
[2022.04.08-10.02.19:690][  0]LogD3D11RHI:     DedicatedVideoMemory : 6345981952 bytes
[2022.04.08-10.02.19:690][  0]LogD3D11RHI:     DedicatedSystemMemory : 0 bytes
[2022.04.08-10.02.19:690][  0]LogD3D11RHI:     SharedSystemMemory : 8565336064 bytes
[2022.04.08-10.02.19:690][  0]LogD3D11RHI:     AdapterLuid : 0 51457
[2022.04.08-10.02.19:696][  0]LogD3D11RHI: Creating new Direct3DDevice
[2022.04.08-10.02.19:696][  0]LogD3D11RHI:     GPU DeviceId: 0x1c03 (for the marketing name, search the web for "GPU Device Id")
[2022.04.08-10.02.19:696][  0]LogWindows: EnumDisplayDevices:
[2022.04.08-10.02.19:697][  0]LogWindows:    0. 'NVIDIA GeForce GTX 1060 6GB' (P:1 D:1)
[2022.04.08-10.02.19:697][  0]LogWindows:    1. 'NVIDIA GeForce GTX 1060 6GB' (P:0 D:1)
[2022.04.08-10.02.19:697][  0]LogWindows:    2. 'NVIDIA GeForce GTX 1060 6GB' (P:0 D:0)
[2022.04.08-10.02.19:697][  0]LogWindows:    3. 'NVIDIA GeForce GTX 1060 6GB' (P:0 D:0)
[2022.04.08-10.02.19:698][  0]LogWindows: DebugString: FoundDriverCount:4 
[2022.04.08-10.02.19:698][  0]LogD3D11RHI:     Adapter Name: NVIDIA GeForce GTX 1060 6GB
[2022.04.08-10.02.19:698][  0]LogD3D11RHI:   Driver Version: 471.11 (internal:30.0.14.7111, unified:471.11)
[2022.04.08-10.02.19:698][  0]LogD3D11RHI:      Driver Date: 6-21-2021
[2022.04.08-10.02.19:698][  0]LogRHI: Texture pool is 4236 MB (70% of 6052 MB)
[2022.04.08-10.02.19:698][  0]LogD3D11RHI: Creating D3DDevice using adapter:
[2022.04.08-10.02.19:698][  0]LogD3D11RHI:     Description : NVIDIA GeForce GTX 1060 6GB
[2022.04.08-10.02.19:698][  0]LogD3D11RHI:     VendorId    : 10de
[2022.04.08-10.02.19:698][  0]LogD3D11RHI:     DeviceId    : 1c03
[2022.04.08-10.02.19:698][  0]LogD3D11RHI:     SubSysId    : 37391458
[2022.04.08-10.02.19:698][  0]LogD3D11RHI:     Revision    : 00a1
[2022.04.08-10.02.19:698][  0]LogD3D11RHI:     DedicatedVideoMemory : 6345981952 bytes
[2022.04.08-10.02.19:698][  0]LogD3D11RHI:     DedicatedSystemMemory : 0 bytes
[2022.04.08-10.02.19:698][  0]LogD3D11RHI:     SharedSystemMemory : 8565336064 bytes
[2022.04.08-10.02.19:698][  0]LogD3D11RHI:     AdapterLuid : 0 51457
[2022.04.08-10.02.19:796][  0]LogD3D11RHI: RHI has support for 64 bit atomics
[2022.04.08-10.02.19:796][  0]LogD3D11RHI: Async texture creation enabled
[2022.04.08-10.02.19:796][  0]LogD3D11RHI: Array index from any shader is supported
[2022.04.08-10.02.20:266][  0]LogD3D11RHI: GPU Timing Frequency: 1000.000000 (Debug: 2 1)
[2022.04.08-10.02.20:535][  0]LogRHI: GeForceNow SDK initialized: 1
[2022.04.08-10.02.22:019][  0]LogTargetPlatformManager: Display: Loaded TargetPlatform 'AllDesktop'
[2022.04.08-10.02.22:186][  0]LogTargetPlatformManager: Display: Loaded TargetPlatform 'Android'
[2022.04.08-10.02.22:186][  0]LogTargetPlatformManager: Display: Loaded TargetPlatform 'Android_ASTC'
[2022.04.08-10.02.22:186][  0]LogTargetPlatformManager: Display: Loaded TargetPlatform 'Android_DXT'
[2022.04.08-10.02.22:186][  0]LogTargetPlatformManager: Display: Loaded TargetPlatform 'Android_ETC2'
[2022.04.08-10.02.22:186][  0]LogTargetPlatformManager: Display: Loaded TargetPlatform 'AndroidClient'
[2022.04.08-10.02.22:186][  0]LogTargetPlatformManager: Display: Loaded TargetPlatform 'Android_ASTCClient'
[2022.04.08-10.02.22:186][  0]LogTargetPlatformManager: Display: Loaded TargetPlatform 'Android_DXTClient'
[2022.04.08-10.02.22:186][  0]LogTargetPlatformManager: Display: Loaded TargetPlatform 'Android_ETC2Client'
[2022.04.08-10.02.22:186][  0]LogTargetPlatformManager: Display: Loaded TargetPlatform 'Android_Multi'
[2022.04.08-10.02.22:186][  0]LogTargetPlatformManager: Display: Loaded TargetPlatform 'Android_MultiClient'
[2022.04.08-10.02.22:261][  0]LogTargetPlatformManager: Display: Loaded TargetPlatform 'IOSClient'
[2022.04.08-10.02.22:261][  0]LogTargetPlatformManager: Display: Loaded TargetPlatform 'IOS'
[2022.04.08-10.02.22:369][  0]LogTargetPlatformManager: Display: Loaded TargetPlatform 'Linux'
[2022.04.08-10.02.22:458][  0]LogTargetPlatformManager: Display: Loaded TargetPlatform 'LinuxNoEditor'
[2022.04.08-10.02.22:469][  0]LogTargetPlatformManager: Display: Loaded TargetPlatform 'LinuxClient'
[2022.04.08-10.02.22:498][  0]LogTargetPlatformManager: Display: Loaded TargetPlatform 'LinuxServer'
[2022.04.08-10.02.22:544][  0]LogTargetPlatformManager: Display: Loaded TargetPlatform 'LinuxAArch64NoEditor'
[2022.04.08-10.02.22:571][  0]LogTargetPlatformManager: Display: Loaded TargetPlatform 'LinuxAArch64Client'
[2022.04.08-10.02.22:671][  0]LogTargetPlatformManager: Display: Loaded TargetPlatform 'LinuxAArch64Server'
[2022.04.08-10.02.22:793][  0]LogTargetPlatformManager: Display: Loaded TargetPlatform 'Lumin'
[2022.04.08-10.02.22:793][  0]LogTargetPlatformManager: Display: Loaded TargetPlatform 'LuminClient'
[2022.04.08-10.02.22:866][  0]LogTargetPlatformManager: Display: Loaded TargetPlatform 'MacNoEditor'
[2022.04.08-10.02.22:941][  0]LogTargetPlatformManager: Display: Loaded TargetPlatform 'Mac'
[2022.04.08-10.02.22:986][  0]LogTargetPlatformManager: Display: Loaded TargetPlatform 'MacClient'
[2022.04.08-10.02.23:018][  0]LogTargetPlatformManager: Display: Loaded TargetPlatform 'MacServer'
[2022.04.08-10.02.23:057][  0]LogTargetPlatformManager: Display: Loaded TargetPlatform 'TVOSClient'
[2022.04.08-10.02.23:057][  0]LogTargetPlatformManager: Display: Loaded TargetPlatform 'TVOS'
[2022.04.08-10.02.23:144][  0]LogTargetPlatformManager: Display: Loaded TargetPlatform 'WindowsNoEditor'
[2022.04.08-10.02.23:172][  0]LogTargetPlatformManager: Display: Loaded TargetPlatform 'Windows'
[2022.04.08-10.02.23:212][  0]LogTargetPlatformManager: Display: Loaded TargetPlatform 'WindowsClient'
[2022.04.08-10.02.23:243][  0]LogTargetPlatformManager: Display: Loaded TargetPlatform 'WindowsServer'
[2022.04.08-10.02.23:243][  0]LogTargetPlatformManager: Display: Building Assets For Windows
[2022.04.08-10.02.23:581][  0]LogAudioDebug: Display: Lib vorbis DLL was dynamically loaded.
[2022.04.08-10.02.24:151][  0]LogTextureFormatOodle: Display: Oodle Texture 2.9.0 init RDO Off
[2022.04.08-10.02.25:061][  0]LogRendererCore: Ray tracing is disabled. Reason: r.RayTracing=0.
[2022.04.08-10.02.25:083][  0]LogShaderCompilers: Guid format shader working directory is 2 characters bigger than the processId version (../../../../../Unreal Engine Projects/marama/Intermediate/Shaders/WorkingDirectory/3616/).
[2022.04.08-10.02.25:084][  0]LogShaderCompilers: Cleaned the shader compiler working directory 'C:/Users/Corne/AppData/Local/Temp/UnrealShaderWorkingDir/E192828B443CF99099239AA66245FB62/'.
[2022.04.08-10.02.25:096][  0]LogXGEController: Cannot use XGE Controller as Incredibuild is not installed on this machine.
[2022.04.08-10.02.25:097][  0]LogShaderCompilers: Cannot use XGE Shader Compiler as Incredibuild is not installed on this machine.
[2022.04.08-10.02.25:097][  0]LogShaderCompilers: Display: Using Local Shader Compiler.
[2022.04.08-10.02.30:448][  0]LogDerivedDataCache: Display: Max Cache Size: 512 MB
[2022.04.08-10.02.30:597][  0]LogDerivedDataCache: Loaded boot cache 0.15s 94MB C:/Users/Corne/AppData/Local/UnrealEngine/4.27/DerivedDataCache/Boot.ddc.
[2022.04.08-10.02.30:597][  0]LogDerivedDataCache: Display: Loaded Boot cache: C:/Users/Corne/AppData/Local/UnrealEngine/4.27/DerivedDataCache/Boot.ddc
[2022.04.08-10.02.30:597][  0]LogDerivedDataCache: FDerivedDataBackendGraph:  Pak pak cache file ../../../../../Unreal Engine Projects/marama/DerivedDataCache/DDC.ddp not found, will not use a pak cache.
[2022.04.08-10.02.30:597][  0]LogDerivedDataCache: Unable to find inner node Pak for hierarchical cache Hierarchy.
[2022.04.08-10.02.30:597][  0]LogDerivedDataCache: FDerivedDataBackendGraph:  CompressedPak pak cache file ../../../../../Unreal Engine Projects/marama/DerivedDataCache/Compressed.ddp not found, will not use a pak cache.
[2022.04.08-10.02.30:597][  0]LogDerivedDataCache: Unable to find inner node CompressedPak for hierarchical cache Hierarchy.
[2022.04.08-10.02.30:790][  0]LogDerivedDataCache: Display: Pak cache opened for reading ../../../Engine/DerivedDataCache/Compressed.ddp.
[2022.04.08-10.02.30:790][  0]LogDerivedDataCache: FDerivedDataBackendGraph:  EnterprisePak pak cache file ../../../Enterprise/DerivedDataCache/Compressed.ddp not found, will not use a pak cache.
[2022.04.08-10.02.30:790][  0]LogDerivedDataCache: Unable to find inner node EnterprisePak for hierarchical cache Hierarchy.
[2022.04.08-10.02.30:832][  0]LogDerivedDataCache: Speed tests for C:/Users/Corne/AppData/Local/UnrealEngine/Common/DerivedDataCache took 0.04 seconds
[2022.04.08-10.02.30:832][  0]LogDerivedDataCache: Display: Performance to C:/Users/Corne/AppData/Local/UnrealEngine/Common/DerivedDataCache: Latency=0.22ms. RandomReadSpeed=27.94MBs, RandomWriteSpeed=143.61MBs. Assigned SpeedClass 'Local'
[2022.04.08-10.02.30:841][  0]LogDerivedDataCache: Using Local data cache path C:/Users/Corne/AppData/Local/UnrealEngine/Common/DerivedDataCache: Writable
[2022.04.08-10.02.30:841][  0]LogDerivedDataCache: Shared data cache path not found in *engine.ini, will not use an Shared cache.
[2022.04.08-10.02.30:841][  0]LogDerivedDataCache: Unable to find inner node Shared for hierarchical cache Hierarchy.
[2022.04.08-10.02.31:070][  0]LogSlate: Using FreeType 2.10.0
[2022.04.08-10.02.31:173][  0]LogSlate: SlateFontServices - WITH_FREETYPE: 1, WITH_HARFBUZZ: 1
[2022.04.08-10.02.31:993][  0]LogAssetRegistry: FAssetRegistry took 0.0043 seconds to start up
[2022.04.08-10.02.38:939][  0]LogInit: Selected Device Profile: [Windows]
[2022.04.08-10.02.38:939][  0]LogInit: Active device profile: [00000154CED77F00][00000154CD94D700 49] Windows
[2022.04.08-10.02.38:939][  0]LogInit: Profiles: [00000154CED77F00][00000154CD94D700 49] Windows, [00000154CED93F00][00000154CFCEB880 49] WindowsNoEditor, [00000154CED74200][00000154CFCEFA00 49] WindowsServer, [00000154CED92600][00000154CFCF3B80 49] WindowsClient, [00000154CED75900][00000154CFCF6180 49] IOS, [00000154CED91E00][00000154CFCFA300 49] iPadAir, [00000154CED76000][00000154CFCFE480 49] iPadAir2, [00000154D0140300][00000154B5E94740 49] IPadPro, [00000154D0140400][00000154CFD02780 49] iPadAir3, [00000154CED77800][00000154B5E98900 49] iPadAir4, [00000154D0143A00][00000154B5E9CA80 49] iPadMini2, [00000154CED74800][00000154CFCE6BC0 49] iPadMini3, [00000154D0141300][00000154B5EA0D00 49] iPadMini4, [00000154CED77000][00000154B5EA4E40 49] iPadMini5, [00000154D0127B00][00000154B5EB10C0 49] iPhone6, [00000154D0127C00][00000154B5EA9100 49] iPodTouch6, [00000154D0143300][00000154B5EB93C0 49] iPhone7, [00000154D0143200][00000154B5EB5400 49] iPodTouch7, [00000154D0124700][00000154B5EBD580 49] iPhone5S, [00000154D0143700][00000154B5EC1700 49] iPhone6Plus, [00000154D0127000][00000154CFD07880 49] iPhone6S, [00000154D0143F00][00000154CFD0BA00 49] iPhone6SPlus, [00000154D0125100][00000154CFD0FB80 49] iPhone7Plus, [00000154D0143000][00000154CFD12180 49] iPhoneSE, [00000154D0126700][00000154CFD16300 49] iPhone8, [00000154D0143B00][00000154CFD1A480 49] iPhone8Plus, [00000154D0127400][00000154CFD1E600 49] iPhoneX, [00000154D0140A00][00000154CFD22780 49] iPhoneXS, [00000154D0124D00][00000154CFD26900 49] iPhoneXSMax, [00000154D0142500][00000154CFD2AA80 49] iPhoneXR, [00000154D0127E00][00000154CFD2EC00 49] iPhone11, [00000154D0140F00][00000154B5EACD40 49] iPhone11Pro, [00000154D0124200][00000154CFD32E80 49] iPhone11ProMax, [00000154D0141B00][00000154CFD36FC0 49] iPhoneSE2, [00000154D0124E00][00000154CFD3B100 49] iPhone12Mini, [00000154D0140D00][00000154CFD43280 49] iPhone12, [00000154D0126F00][00000154CFD47400 49] iPhone12Pro, [00000154D0143600][00000154CFD4B580 49] iPhone12ProMax, [00000154D0124C00][00000154CFD4F700 49] iPadPro105, [00000154D0140700][00000154CFD53880 49] iPadPro129, [00000154D0126E00][00000154CFD57A00 49] iPadPro97, [00000154D0140C00][00000154CFD5BB80 49] iPadPro2_129, [00000154D0126800][00000154D0D70180 49] iPad5, [00000154D0143E00][00000154D0D74300 49] iPad6, [00000154D0124500][00000154D0D78480 49] iPad7, [00000154D0142200][00000154D0D7C600 49] iPad8, [00000154D0125B00][00000154D0D80780 49] iPadPro11, [00000154D0142900][00000154D0D84900 49] iPadPro2_11, [00000154D0125C00][00000154D0D88A80 49] iPadPro3_129, [00000154D0141F00][00000154D0D8CC00 49] iPadPro4_129, [00000154D0124A00][00000154D0D90D80 49] AppleTV, [00000154D0142400][00000154D0D94F00 49] AppleTV4K, [00000154D0124400][00000154CFD3F040 49] TVOS, [00000154D0142B00][00000154D0D99180 49] Mac, [00000154D0127D00][00000154D0D9D2C0 49] MacClient, [00000154D0141100][00000154D0DA5440 49] MacNoEditor, [00000154D0126300][00000154D0DA95C0 49] MacServer, [00000154D0142800][00000154D0DAD740 49] Linux, [00000154D0126500][00000154D0DB18C0 49] LinuxAArch64, [00000154D0140900][00000154D0DB5A40 49] LinuxNoEditor, [00000154D0126000][00000154D0DB9BC0 49] LinuxAArch64NoEditor, [00000154D0143900][00000154D0DBC1C0 49] LinuxClient, [00000154D0127700][00000154D0DC0340 49] LinuxAArch64Client, [00000154D0142F00][00000154D0DC44C0 49] LinuxServer, [00000154D0127A00][00000154D0DC8640 49] LinuxAArch64Server, [00000154D0141C00][00000154D0DCC7C0 49] Android, [00000154CED93800][00000154D0DD0940 49] Android_Low, [00000154CEEC5C00][00000154D0DD4AC0 49] Android_Mid, [00000154CED93B00][00000154D0DD8C40 49] Android_High, [00000154CEEC4700][00000154D0DDCDC0 49] Android_Default, [00000154CED92C00][00000154D0DE0F40 49] Android_Adreno4xx, [00000154CEEC4200][00000154D0DE50C0 49] Android_Adreno5xx_Low, [00000154CED90600][00000154D0DA1200 49] Android_Adreno5xx, [00000154CEEC6700][00000154D0DE9340 49] Android_Adreno6xx, [00000154CED90E00][00000154D0DED480 49] Android_Adreno6xx_Vulkan, [00000154CEEC5000][00000154D0DF15C0 49] Android_Mali_T6xx, [00000154CED90200][00000154D0DF9740 49] Android_Mali_T7xx, [00000154CEEC5300][00000154D0DFD8C0 49] Android_Mali_T8xx, [00000154CED93000][00000154D0E01A40 49] Android_Mali_G71, [00000154CEEC6800][00000154D0E05BC0 49] Android_Mali_G72, [00000154CED91C00][00000154D0E081C0 49] Android_Mali_G72_Vulkan, [00000154CEEC6A00][00000154D0E0C340 49] Android_Mali_G76, [00000154CED92800][00000154D0E104C0 49] Android_Mali_G76_Vulkan, [00000154CEEC7600][00000154D0E14640 49] Android_Mali_G77, [00000154CED92700][00000154D0E187C0 49] Android_Mali_G77_Vulkan, [00000154CEEC4C00][00000154D0E1C940 49] Android_Mali_G78, [00000154CED93400][00000154D0E20AC0 49] Android_Mali_G78_Vulkan, [00000154CEEC7000][00000154D0E24C40 49] Android_Mali_G710, [00000154CED90800][00000154D0E28DC0 49] Android_Mali_G710_Vulkan, [00000154CEEC6400][00000154D0E2CF40 49] Android_Vulkan_SM5, [00000154CED91700][00000154D0E310C0 49] Android_PowerVR_G6xxx, [00000154CEEC6F00][00000154D0E35240 49] Android_PowerVR_GT7xxx, [00000154CED92900][00000154D0DF5380 49] Android_PowerVR_GE8xxx, [00000154CEEC5200][00000154D0E394C0 49] Android_PowerVR_GM9xxx, [00000154D0143100][00000154D0E3D600 49] Android_PowerVR_GM9xxx_Vulkan, [00000154CEEC7100][00000154D0E41740 49] Android_TegraK1, [00000154D0143800][00000154D0E498C0 49] Android_Unknown_Vulkan, [00000154CEEC5100][00000154D0E4DA40 49] Lumin, [00000154D0143500][00000154D0E51BC0 49] Lumin_Desktop, [00000154CEEC6D00][00000154D0E541C0 49] HoloLens, 
[2022.04.08-10.02.42:771][  0]LogMeshReduction: Using QuadricMeshReduction for automatic static mesh reduction
[2022.04.08-10.02.42:771][  0]LogMeshReduction: Using SimplygonMeshReduction for automatic skeletal mesh reduction
[2022.04.08-10.02.42:771][  0]LogMeshReduction: Using ProxyLODMeshReduction for automatic mesh merging
[2022.04.08-10.02.42:771][  0]LogMeshReduction: No distributed automatic mesh merging module available
[2022.04.08-10.02.42:790][  0]LogMeshMerging: No distributed automatic mesh merging module available
[2022.04.08-10.02.43:447][  0]LogNetVersion: marama 1.0.0, NetCL: 17155196, EngineNetVer: 17, GameNetVer: 0 (Checksum: 2968793817)
